<?xml version="1.0" encoding="UTF-8"?>
<testsuite name="com.example.android.courtcounter.ExampleUnitTest" tests="1" skipped="0" failures="0" errors="0" timestamp="2016-07-10T16:56:56" hostname="Macintosh.local" time="0.001">
  <properties/>
  <testcase name="addition_isCorrect" classname="com.example.android.courtcounter.ExampleUnitTest" time="0.001"/>
  <system-out><![CDATA[]]></system-out>
  <system-err><![CDATA[]]></system-err>
</testsuite>
